<?xml version="1.0" encoding="UTF-8"?>
<!-- Generated by org.testng.reporters.JUnitXMLReporter -->
<testsuite hostname="797SHARE-TPL-NL" ignored="0" name="Default test" tests="4" failures="0" timestamp="2020-10-07T00:25:16 IST" time="10.085" errors="0">
  <testcase name="checkContentType" time="0.022" classname="com.productapi.TestCases.TC005_Delete_Product_Record"/>
  <testcase name="checkResponseBody" time="0.093" classname="com.productapi.TestCases.TC005_Delete_Product_Record"/>
  <testcase name="checkResponseTime" time="0.034" classname="com.productapi.TestCases.TC005_Delete_Product_Record"/>
  <testcase name="checkStatusCode" time="0.005" classname="com.productapi.TestCases.TC005_Delete_Product_Record"/>
</testsuite> <!-- Default test -->
