<?xml version="1.0" encoding="UTF-8"?>
<!-- Generated by org.testng.reporters.JUnitXMLReporter -->
<testsuite hostname="797SHARE-TPL-NL" ignored="8" name="Test" tests="23" failures="3" timestamp="2020-10-07T16:38:15 IST" time="21.931" errors="0">
  <testcase name="checkContentEncoding" time="0.011" classname="com.productapi.TestCases.TC001_Get_All_Products"/>
  <testcase name="checkContentType" time="0.003" classname="com.productapi.TestCases.TC001_Get_All_Products"/>
  <testcase name="checkResponseBody" time="0.028" classname="com.productapi.TestCases.TC001_Get_All_Products"/>
  <testcase name="checkResponseTime" time="0.001" classname="com.productapi.TestCases.TC001_Get_All_Products"/>
  <testcase name="checkStatusCode" time="0.002" classname="com.productapi.TestCases.TC001_Get_All_Products"/>
  <testcase name="checkContentEncoding" time="0.003" classname="com.productapi.TestCases.TC002_Get_Single_Employee_Record">
    <failure type="java.lang.AssertionError" message="expected [gzip] but found [null]">
      <![CDATA[java.lang.AssertionError: expected [gzip] but found [null]
at com.productapi.TestCases.TC002_Get_Single_Employee_Record.checkContentEncoding(TC002_Get_Single_Employee_Record.java:103)
at java.util.ArrayList.forEach(ArrayList.java:1234)
... Removed 34 stack frames]]>
    </failure>
  </testcase> <!-- checkContentEncoding -->
  <testcase name="checkContentType" time="0.002" classname="com.productapi.TestCases.TC002_Get_Single_Employee_Record"/>
  <testcase name="checkResponseBody" time="0.002" classname="com.productapi.TestCases.TC002_Get_Single_Employee_Record"/>
  <testcase name="checkResponseTime" time="0.001" classname="com.productapi.TestCases.TC002_Get_Single_Employee_Record"/>
  <testcase name="checkStatusCode" time="0.001" classname="com.productapi.TestCases.TC002_Get_Single_Employee_Record"/>
  <testcase name="checkStatusLine" time="0.001" classname="com.productapi.TestCases.TC002_Get_Single_Employee_Record"/>
  <testcase name="checkContentLength" time="0.001" classname="com.productapi.TestCases.TC004_Put_Products_Record"/>
  <testcase name="checkContentType" time="0.001" classname="com.productapi.TestCases.TC004_Put_Products_Record"/>
  <testcase name="checkResponseBody" time="0.001" classname="com.productapi.TestCases.TC004_Put_Products_Record"/>
  <testcase name="checkStatusCode" time="0.001" classname="com.productapi.TestCases.TC004_Put_Products_Record"/>
  <testcase name="checkContentType" time="0.001" classname="com.productapi.TestCases.TC005_Delete_Product_Record"/>
  <testcase name="checkResponseBody" time="0.002" classname="com.productapi.TestCases.TC005_Delete_Product_Record"/>
  <testcase name="checkResponseTime" time="0.002" classname="com.productapi.TestCases.TC005_Delete_Product_Record"/>
  <testcase name="checkStatusCode" time="0.003" classname="com.productapi.TestCases.TC005_Delete_Product_Record"/>
  <testcase name="checkContentLength" time="0.001" classname="com.productapi.TestCases.TC003_Post_Product_Record"/>
  <testcase name="checkContentType" time="0.004" classname="com.productapi.TestCases.TC003_Post_Product_Record"/>
  <testcase name="checkResponseBody" time="0.006" classname="com.productapi.TestCases.TC003_Post_Product_Record">
    <failure type="java.lang.AssertionError" message="expected [true] but found [false]">
      <![CDATA[java.lang.AssertionError: expected [true] but found [false]
at com.productapi.TestCases.TC003_Post_Product_Record.checkResponseBody(TC003_Post_Product_Record.java:61)
at java.util.ArrayList.forEach(ArrayList.java:1234)
... Removed 33 stack frames]]>
    </failure>
  </testcase> <!-- checkResponseBody -->
  <testcase name="checkStatusCode" time="0.001" classname="com.productapi.TestCases.TC003_Post_Product_Record">
    <failure type="java.lang.AssertionError" message="expected [201] but found [200]">
      <![CDATA[java.lang.AssertionError: expected [201] but found [200]
at com.productapi.TestCases.TC003_Post_Product_Record.checkStatusCode(TC003_Post_Product_Record.java:78)
at java.util.ArrayList.forEach(ArrayList.java:1234)
... Removed 33 stack frames]]>
    </failure>
  </testcase> <!-- checkStatusCode -->
  <testcase name="@BeforeSuite setUp" time="0.0" classname="com.productapi.base.TestBase">
    <ignored/>
  </testcase> <!-- @BeforeSuite setUp -->
  <testcase name="@BeforeSuite setUp" time="0.0" classname="com.productapi.base.TestBase">
    <ignored/>
  </testcase> <!-- @BeforeSuite setUp -->
  <testcase name="@BeforeSuite setUp" time="0.0" classname="com.productapi.base.TestBase">
    <ignored/>
  </testcase> <!-- @BeforeSuite setUp -->
  <testcase name="@BeforeSuite setUp" time="0.0" classname="com.productapi.base.TestBase">
    <ignored/>
  </testcase> <!-- @BeforeSuite setUp -->
  <testcase name="@AfterSuite tearrDown" time="0.0" classname="com.productapi.base.TestBase">
    <ignored/>
  </testcase> <!-- @AfterSuite tearrDown -->
  <testcase name="@AfterSuite tearrDown" time="0.0" classname="com.productapi.base.TestBase">
    <ignored/>
  </testcase> <!-- @AfterSuite tearrDown -->
  <testcase name="@AfterSuite tearrDown" time="0.0" classname="com.productapi.base.TestBase">
    <ignored/>
  </testcase> <!-- @AfterSuite tearrDown -->
  <testcase name="@AfterSuite tearrDown" time="0.0" classname="com.productapi.base.TestBase">
    <ignored/>
  </testcase> <!-- @AfterSuite tearrDown -->
</testsuite> <!-- Test -->
